<?xml version="1.0" encoding="UTF-8"?>
<!-- Generated by org.testng.reporters.JUnitReportReporter -->
<testsuite skipped="0" hostname="LAPTOP-MDV47QRS" name="SeleniumAcademy.testNGBasics2" tests="2" failures="0" timestamp="19 May 2024 22:31:20 GMT" time="0.005" errors="0">
  <testcase name="thirdTest" time="0.003" classname="SeleniumAcademy.testNGBasics2"/>
  <testcase name="fourthTest" time="0.002" classname="SeleniumAcademy.testNGBasics2"/>
</testsuite> <!-- SeleniumAcademy.testNGBasics2 -->
