<?xml version="1.0" encoding="UTF-8"?>
<!-- Generated by org.testng.reporters.JUnitReportReporter -->
<testsuite skipped="0" hostname="LAPTOP-MDV47QRS" name="SeleniumAcademy.LoginTest3" tests="1" failures="0" timestamp="23 May 2024 00:44:01 GMT" time="21.030" errors="0">
  <testcase name="loginToPage" time="21.030" classname="SeleniumAcademy.LoginTest3"/>
</testsuite> <!-- SeleniumAcademy.LoginTest3 -->
