<?xml version="1.0" encoding="UTF-8"?>
<!-- Generated by org.testng.reporters.JUnitReportReporter -->
<testsuite skipped="0" hostname="LAPTOP-MDV47QRS" name="SeleniumAcademy.LoginTest" tests="2" failures="0" timestamp="16 May 2024 14:40:23 GMT" time="50.532" errors="0">
  <testcase name="loginToPage" time="21.804" classname="SeleniumAcademy.LoginTest"/>
  <testcase name="loginToPage" time="28.728" classname="SeleniumAcademy.LoginTest"/>
</testsuite> <!-- SeleniumAcademy.LoginTest -->
