<?xml version="1.0" encoding="UTF-8"?>
<!-- Generated by org.testng.reporters.JUnitReportReporter -->
<testsuite skipped="0" hostname="LAPTOP-MDV47QRS" name="TestNGPackage.Democlass2" tests="2" failures="0" timestamp="20 May 2024 21:36:34 GMT" time="0.016" errors="0">
  <testcase name="demo4" time="0.016" classname="TestNGPackage.Democlass2"/>
  <testcase name="demo3" time="0.000" classname="TestNGPackage.Democlass2"/>
</testsuite> <!-- TestNGPackage.Democlass2 -->
