<?xml version="1.0" encoding="UTF-8"?>
<!-- Generated by org.testng.reporters.JUnitReportReporter -->
<testsuite skipped="0" hostname="LAPTOP-MDV47QRS" name="TestNGPackage.Democlass1" tests="1" failures="0" timestamp="21 May 2024 01:33:05 GMT" time="2.833" errors="0">
  <testcase name="demo10" time="2.833" classname="TestNGPackage.Democlass1"/>
</testsuite> <!-- TestNGPackage.Democlass1 -->
