<?xml version="1.0" encoding="UTF-8"?>
<!-- Generated by org.testng.reporters.JUnitReportReporter -->
<testsuite skipped="0" hostname="LAPTOP-MDV47QRS" name="SeleniumAcademy.LoginTestNeg" tests="1" failures="0" timestamp="24 Aug 2023 22:58:41 GMT" time="39.925" errors="0">
  <testcase name="loginToPage" time="39.925" classname="SeleniumAcademy.LoginTestNeg"/>
</testsuite> <!-- SeleniumAcademy.LoginTestNeg -->
