<?xml version="1.0" encoding="UTF-8"?>
<!-- Generated by org.testng.reporters.JUnitReportReporter -->
<testsuite skipped="0" hostname="LAPTOP-MDV47QRS" name="SeleniumAcademy.LoginTest2" tests="2" failures="0" timestamp="22 May 2024 20:53:07 GMT" time="38.956" errors="0">
  <testcase name="loginToPage" time="19.749" classname="SeleniumAcademy.LoginTest2"/>
  <testcase name="loginToPage" time="19.207" classname="SeleniumAcademy.LoginTest2"/>
</testsuite> <!-- SeleniumAcademy.LoginTest2 -->
