<?xml version="1.0" encoding="UTF-8"?>
<!-- Generated by org.testng.reporters.JUnitReportReporter -->
<testsuite skipped="0" hostname="LAPTOP-MDV47QRS" name="Cucumber.TestNGTestRunner" tests="1" failures="0" timestamp="25 May 2024 22:30:16 GMT" time="47.418" errors="0">
  <testcase name="runScenario" time="47.418" classname="Cucumber.TestNGTestRunner"/>
</testsuite> <!-- Cucumber.TestNGTestRunner -->
