<?xml version="1.0" encoding="UTF-8"?>
<!-- Generated by org.testng.reporters.JUnitReportReporter -->
<testsuite skipped="0" hostname="LAPTOP-MDV47QRS" name="SeleniumAcademy.StaticDropdown" tests="1" failures="0" timestamp="16 May 2024 18:21:39 GMT" time="28.009" errors="0">
  <testcase name="selectDD" time="28.009" classname="SeleniumAcademy.StaticDropdown"/>
</testsuite> <!-- SeleniumAcademy.StaticDropdown -->
