<?xml version="1.0" encoding="UTF-8"?>
<!-- Generated by org.testng.reporters.JUnitReportReporter -->
<testsuite skipped="0" hostname="LAPTOP-MDV47QRS" name="SeleniumAcademy.testNGBasics" tests="2" failures="0" timestamp="19 May 2024 22:31:20 GMT" time="0.014" errors="0">
  <testcase name="secondTest" time="0.005" classname="SeleniumAcademy.testNGBasics"/>
  <testcase name="firstTest" time="0.009" classname="SeleniumAcademy.testNGBasics"/>
</testsuite> <!-- SeleniumAcademy.testNGBasics -->
